0 info it worked if it ends with ok
1 verbose cli [ 'node', '/usr/local/bin/npm', 'run-script', 'start' ]
2 info using npm@1.1.59
3 info using node@v0.8.8
4 verbose read json /Users/jansaharju/Documents/git/messages/package.json
5 verbose run-script [ 'prestart', 'start', 'poststart' ]
6 info prestart messages@0.0.5-19
7 info start messages@0.0.5-19
8 verbose unsafe-perm in lifecycle true
9 silly exec sh "-c" "node server/server.js"
10 silly sh,-c,node server/server.js,/Users/jansaharju/Documents/git/messages spawning
11 info messages@0.0.5-19 Failed to exec start script
12 error messages@0.0.5-19 start: `node server/server.js`
12 error `sh "-c" "node server/server.js"` failed with 1
13 error Failed at the messages@0.0.5-19 start script.
13 error This is most likely a problem with the messages package,
13 error not with npm itself.
13 error Tell the author that this fails on your system:
13 error     node server/server.js
13 error You can get their info via:
13 error     npm owner ls messages
13 error There is likely additional logging output above.
14 error System Darwin 12.2.1
15 error command "node" "/usr/local/bin/npm" "run-script" "start"
16 error cwd /Users/jansaharju/Documents/git/messages
17 error node -v v0.8.8
18 error npm -v 1.1.59
19 error code ELIFECYCLE
20 verbose exit [ 1, true ]
